<?xml version="1.0" encoding="UTF-8"?>
<!-- Generated by org.testng.reporters.JUnitReportReporter -->
<testsuite skipped="0" hostname="LAPTOP-COQHVDGR" name="logical.BeforeSuite_1" tests="4" failures="0" timestamp="23 Apr 2021 17:07:59 GMT" time="0.863" errors="0">
  <testcase name="Test1" time="0.284" classname="logical.BeforeSuite_1"/>
  <testcase name="Test2" time="0.133" classname="logical.BeforeSuite_1"/>
  <testcase name="Test4" time="0.303" classname="logical.BeforeSuite_1"/>
  <testcase name="Test3" time="0.143" classname="logical.BeforeSuite_1"/>
</testsuite> <!-- logical.BeforeSuite_1 -->
