<?xml version="1.0" encoding="UTF-8"?>
<!-- Generated by org.testng.reporters.JUnitReportReporter -->
<testsuite name="pageObjectModel.DashboardTest" tests="2" time="5.875" ignored="0" failures="0" timestamp="06 May 2021 17:29:42 GMT" skipped="0" hostname="LAPTOP-COQHVDGR" errors="0">
  <testcase name="coursesHeading" time="3.635" classname="pageObjectModel.DashboardTest"/>
  <testcase name="validLoginTest_2" time="2.240" classname="pageObjectModel.DashboardTest"/>
</testsuite> <!-- pageObjectModel.DashboardTest -->
