<?xml version="1.0" encoding="UTF-8"?>
<!-- Generated by org.testng.reporters.JUnitReportReporter -->
<testsuite name="pageObjectModel.LoginTest" tests="1" time="3.487" ignored="0" failures="0" timestamp="06 May 2021 17:29:42 GMT" skipped="0" hostname="LAPTOP-COQHVDGR" errors="0">
  <testcase name="validLoginTest_1" time="3.487" classname="pageObjectModel.LoginTest"/>
</testsuite> <!-- pageObjectModel.LoginTest -->
