<?xml version="1.0" encoding="UTF-8"?>
<!-- Generated by org.testng.reporters.JUnitReportReporter -->
<testsuite skipped="0" hostname="LAPTOP-COQHVDGR" name="logical.ContactNo" tests="2" failures="0" timestamp="23 Apr 2021 18:35:28 GMT" time="6.391" errors="0">
  <testcase name="Test1" time="3.626" classname="logical.ContactNo"/>
  <testcase name="Test2" time="2.765" classname="logical.ContactNo"/>
</testsuite> <!-- logical.ContactNo -->
