<?xml version="1.0" encoding="UTF-8"?>
<!-- Generated by org.testng.reporters.JUnitReportReporter -->
<testsuite name="logical.NamesInAlphabeticalOrder" tests="1" time="10.871" ignored="0" failures="0" timestamp="02 May 2021 08:51:59 GMT" skipped="0" hostname="LAPTOP-COQHVDGR" errors="0">
  <testcase name="Test1" time="10.871" classname="logical.NamesInAlphabeticalOrder"/>
</testsuite> <!-- logical.NamesInAlphabeticalOrder -->
