<?xml version="1.0" encoding="UTF-8"?>
<!-- Generated by org.testng.reporters.JUnitReportReporter -->
<testsuite skipped="0" hostname="LAPTOP-COQHVDGR" name="logical.PrefferedWayToContact" tests="1" failures="0" timestamp="23 Apr 2021 19:06:23 GMT" time="3.666" errors="0">
  <testcase name="Test3" time="3.666" classname="logical.PrefferedWayToContact"/>
</testsuite> <!-- logical.PrefferedWayToContact -->
